<?xml version="1.0" encoding="UTF-8"?>
<!-- Generated by org.testng.reporters.JUnitReportReporter -->
<testsuite hostname="PisePC" name="com.qa.testNGScripts.excelsheet" tests="1" failures="0" timestamp="2 Aug 2020 19:45:36 GMT" time="0.386" errors="0">
  <testcase name="excel" time="0.386" classname="com.qa.testNGScripts.excelsheet"/>
</testsuite> <!-- com.qa.testNGScripts.excelsheet -->
