<?xml version="1.0" encoding="UTF-8"?>
<!-- Generated by org.testng.reporters.JUnitReportReporter -->
<testsuite hostname="PisePC" name="com.qa.ShoppingCart.LoginInside" tests="1" failures="0" timestamp="26 Jul 2020 20:55:39 GMT" time="14.705" errors="0">
  <testcase name="Login" time="14.705" classname="com.qa.ShoppingCart.LoginInside"/>
</testsuite> <!-- com.qa.ShoppingCart.LoginInside -->
