<?xml version="1.0" encoding="UTF-8"?>
<!-- Generated by org.testng.reporters.JUnitReportReporter -->
<testsuite hostname="PisePC" name="com.qa.testNGScripts.MultiExcelReader" tests="1" failures="0" timestamp="6 Aug 2020 22:39:45 GMT" time="0.405" errors="1">
  <testcase name="testMethod" time="0.405" classname="com.qa.testNGScripts.MultiExcelReader">
    <error type="org.testng.TestNGException" message="
The data provider is trying to pass 5 parameters but the method com.qa.testNGScripts.MultiExcelReader#testMethod takes 2">
      <![CDATA[org.testng.TestNGException: 
The data provider is trying to pass 5 parameters but the method com.qa.testNGScripts.MultiExcelReader#testMethod takes 2
	at org.testng.internal.Invoker.injectParameters(Invoker.java:1231)
	at org.testng.internal.Invoker.invokeTestMethods(Invoker.java:1124)
	at org.testng.internal.TestMethodWorker.invokeTestMethods(TestMethodWorker.java:129)
	at org.testng.internal.TestMethodWorker.run(TestMethodWorker.java:112)
	at org.testng.TestRunner.privateRun(TestRunner.java:782)
	at org.testng.TestRunner.run(TestRunner.java:632)
	at org.testng.SuiteRunner.runTest(SuiteRunner.java:366)
	at org.testng.SuiteRunner.runSequentially(SuiteRunner.java:361)
	at org.testng.SuiteRunner.privateRun(SuiteRunner.java:319)
	at org.testng.SuiteRunner.run(SuiteRunner.java:268)
	at org.testng.SuiteRunnerWorker.runSuite(SuiteRunnerWorker.java:52)
	at org.testng.SuiteRunnerWorker.run(SuiteRunnerWorker.java:86)
	at org.testng.TestNG.runSuitesSequentially(TestNG.java:1244)
	at org.testng.TestNG.runSuitesLocally(TestNG.java:1169)
	at org.testng.TestNG.run(TestNG.java:1064)
	at org.testng.remote.RemoteTestNG.run(RemoteTestNG.java:113)
	at org.testng.remote.RemoteTestNG.initAndRun(RemoteTestNG.java:206)
	at org.testng.remote.RemoteTestNG.main(RemoteTestNG.java:177)
]]>
    </error>
  </testcase> <!-- testMethod -->
</testsuite> <!-- com.qa.testNGScripts.MultiExcelReader -->
