<?xml version="1.0" encoding="UTF-8"?>
<!-- Generated by org.testng.reporters.JUnitReportReporter -->
<testsuite hostname="PisePC" name="com.qa.ShoppingCart.RegisterUser" tests="1" failures="0" timestamp="26 Jul 2020 20:55:12 GMT" time="33.443" errors="0">
  <testcase name="Register" time="33.443" classname="com.qa.ShoppingCart.RegisterUser"/>
</testsuite> <!-- com.qa.ShoppingCart.RegisterUser -->
