<?xml version="1.0" encoding="UTF-8"?>
<!-- Generated by org.testng.reporters.JUnitReportReporter -->
<testsuite hostname="PisePC" name="com.qa.testNGScripts.writeinExcel" tests="1" failures="0" timestamp="5 Aug 2020 01:05:39 GMT" time="0.440" errors="0">
  <testcase name="write" time="0.440" classname="com.qa.testNGScripts.writeinExcel"/>
</testsuite> <!-- com.qa.testNGScripts.writeinExcel -->
