<?xml version="1.0" encoding="UTF-8"?>
<!-- Generated by org.testng.reporters.JUnitReportReporter -->
<testsuite hostname="PisePC" name="com.qa.testNGScripts.DataDrivenTest" tests="5" failures="0" timestamp="26 Jul 2020 20:53:12 GMT" time="2.159" errors="0">
  <testcase name="wikipagedata" time="0.381" classname="com.qa.testNGScripts.DataDrivenTest"/>
  <testcase name="wikipagedata" time="0.396" classname="com.qa.testNGScripts.DataDrivenTest"/>
  <testcase name="wikipagedata" time="0.391" classname="com.qa.testNGScripts.DataDrivenTest"/>
  <testcase name="wikipagedata" time="0.591" classname="com.qa.testNGScripts.DataDrivenTest"/>
  <testcase name="wikipagedata" time="0.400" classname="com.qa.testNGScripts.DataDrivenTest"/>
</testsuite> <!-- com.qa.testNGScripts.DataDrivenTest -->
