<?xml version="1.0" encoding="UTF-8"?>
<!-- Generated by org.testng.reporters.JUnitReportReporter -->
<testsuite hostname="PisePC" name="com.qa.testNGScripts.MercuryLogin" tests="2" failures="0" timestamp="24 Jul 2020 22:12:53 GMT" time="21.244" errors="0">
  <testcase name="signup" time="10.867" classname="com.qa.testNGScripts.MercuryLogin"/>
  <testcase name="signup" time="10.377" classname="com.qa.testNGScripts.MercuryLogin"/>
</testsuite> <!-- com.qa.testNGScripts.MercuryLogin -->
