<?xml version="1.0" encoding="UTF-8"?>
<!-- Generated by org.testng.reporters.JUnitReportReporter -->
<testsuite hostname="PisePC" name="com.qa.PatientRecovery.PatientPortalPage" tests="1" failures="0" timestamp="6 Aug 2020 20:46:15 GMT" time="23.745" errors="0">
  <testcase name="Login" time="23.745" classname="com.qa.PatientRecovery.PatientPortalPage"/>
</testsuite> <!-- com.qa.PatientRecovery.PatientPortalPage -->
