<?xml version="1.0" encoding="UTF-8"?>
<!-- Generated by org.testng.reporters.JUnitReportReporter -->
<testsuite hostname="PisePC" name="com.qa.testNGScripts.AnnotationTestNG" tests="3" failures="0" timestamp="24 Jul 2020 21:30:12 GMT" time="0.012" errors="0">
  <testcase name="createCust" time="0.007" classname="com.qa.testNGScripts.AnnotationTestNG"/>
  <testcase name="searchCust" time="0.002" classname="com.qa.testNGScripts.AnnotationTestNG"/>
  <testcase name="deleteCust" time="0.003" classname="com.qa.testNGScripts.AnnotationTestNG"/>
</testsuite> <!-- com.qa.testNGScripts.AnnotationTestNG -->
