<?xml version="1.0" encoding="UTF-8"?>
<!-- Generated by org.testng.reporters.JUnitReportReporter -->
<testsuite hostname="PisePC" name="com.qa.PatientRecovery.PatientProfile" tests="1" failures="0" timestamp="7 Aug 2020 01:51:59 GMT" time="23.050" errors="0">
  <testcase name="Login" time="23.050" classname="com.qa.PatientRecovery.PatientProfile"/>
</testsuite> <!-- com.qa.PatientRecovery.PatientProfile -->
