<?xml version="1.0" encoding="UTF-8"?>
<!-- Generated by org.testng.reporters.JUnitReportReporter -->
<testsuite hostname="PisePC" name="com.qa.testNGScripts.AnnoNew" tests="2" failures="0" timestamp="21 Jul 2020 23:36:37 GMT" time="0.007" errors="0">
  <testcase name="deleteuser" time="0.004" classname="com.qa.testNGScripts.AnnoNew"/>
  <testcase name="createuser" time="0.003" classname="com.qa.testNGScripts.AnnoNew"/>
</testsuite> <!-- com.qa.testNGScripts.AnnoNew -->
